<?xml version="1.0" encoding="UTF-8"?>
<testng-results ignored="0" total="1" passed="1" failed="0" skipped="0">
  <reporter-output>
  </reporter-output>
  <suite started-at="2023-02-09T14:58:03 IST" name="Suite" finished-at="2023-02-09T14:58:16 IST" duration-ms="13429">
    <groups>
    </groups>
    <test started-at="2023-02-09T14:58:03 IST" name="Test" finished-at="2023-02-09T14:58:16 IST" duration-ms="13429">
      <class name="util.Sample_testNg">
        <test-method is-config="true" signature="launchBrower(java.lang.String)[pri:0, instance:util.Sample_testNg@7c711375]" started-at="2023-02-09T14:58:03 IST" name="launchBrower" finished-at="2023-02-09T14:58:06 IST" duration-ms="2521" status="PASS">
          <params>
            <param index="0">
              <value>
                <![CDATA[chrome]]>
              </value>
            </param>
          </params>
          <reporter-output>
          </reporter-output>
        </test-method> <!-- launchBrower -->
        <test-method signature="login()[pri:0, instance:util.Sample_testNg@7c711375]" started-at="2023-02-09T14:58:06 IST" name="login" finished-at="2023-02-09T14:58:16 IST" duration-ms="10836" status="PASS">
          <reporter-output>
          </reporter-output>
        </test-method> <!-- login -->
        <test-method is-config="true" signature="browserValue()[pri:0, instance:util.Sample_testNg@7c711375]" started-at="2023-02-09T14:58:16 IST" name="browserValue" finished-at="2023-02-09T14:58:16 IST" duration-ms="0" status="PASS">
          <reporter-output>
          </reporter-output>
        </test-method> <!-- browserValue -->
      </class> <!-- util.Sample_testNg -->
    </test> <!-- Test -->
  </suite> <!-- Suite -->
</testng-results>
